<?xml version="1.0" encoding="UTF-8"?>
<testsuite xmlns:xsi="http://www.w3.org/2001/XMLSchema-instance" xsi:noNamespaceSchemaLocation="https://maven.apache.org/surefire/maven-surefire-plugin/xsd/surefire-test-report-3.0.xsd" version="3.0" name="com.example.auth.AuthControllerTest" time="5.635" tests="7" errors="0" skipped="0" failures="0">
  <properties>
[...]
</properties>
  <testcase name="signup_duplicateEmail_shouldReturnBadRequest" classname="com.example.auth.AuthControllerTest" time="0.944">
    <system-out><![CDATA[14:59:40.507 [main] INFO org.springframework.test.context.support.AnnotationConfigContextLoaderUtils -- Could not detect default configuration classes for test class [com.example.auth.AuthControllerTest]: AuthControllerTest does not declare any static, non-private, non-final, nested classes annotated with @Configuration.
14:59:40.613 [main] INFO org.springframework.boot.test.context.SpringBootTestContextBootstrapper -- Found @SpringBootConfiguration com.example.auth.AuthApplication for test class com.example.auth.AuthControllerTest

  .   ____          _            __ _ _
 /\\ / ___'_ __ _ _(_)_ __  __ _ \ \ \ \
( ( )\___ | '_ | '_| | '_ \/ _` | \ \ \ \
 \\/  ___)| |_)| | | | | || (_| |  ) ) ) )
  '  |____| .__|_| |_|_| |_\__, | / / / /
 =========|_|==============|___/=/_/_/_/
 :: Spring Boot ::                (v3.2.3)

2026-03-16T14:59:41.012Z  INFO 5475 --- [           main] com.example.auth.AuthControllerTest      : Starting AuthControllerTest using Java 17.0.18 with PID 5475 (started by runner in /home/runner/work/spring-authentication/spring-authentication)
2026-03-16T14:59:41.014Z  INFO 5475 --- [           main] com.example.auth.AuthControllerTest      : No active profile set, falling back to 1 default profile: "default"
2026-03-16T14:59:41.766Z  INFO 5475 --- [           main] .s.d.r.c.RepositoryConfigurationDelegate : Bootstrapping Spring Data JPA repositories in DEFAULT mode.
2026-03-16T14:59:41.812Z  INFO 5475 --- [           main] .s.d.r.c.RepositoryConfigurationDelegate : Finished Spring Data repository scanning in 40 ms. Found 1 JPA repository interface.
2026-03-16T14:59:42.251Z  INFO 5475 --- [           main] o.hibernate.jpa.internal.util.LogHelper  : HHH000204: Processing PersistenceUnitInfo [name: default]
2026-03-16T14:59:42.290Z  INFO 5475 --- [           main] org.hibernate.Version                    : HHH000412: Hibernate ORM core version 6.4.4.Final
2026-03-16T14:59:42.315Z  INFO 5475 --- [           main] o.h.c.internal.RegionFactoryInitiator    : HHH000026: Second-level cache disabled
2026-03-16T14:59:42.499Z  INFO 5475 --- [           main] o.s.o.j.p.SpringPersistenceUnitInfo      : No LoadTimeWeaver setup: ignoring JPA class transformer
2026-03-16T14:59:42.519Z  INFO 5475 --- [           main] com.zaxxer.hikari.HikariDataSource       : HikariPool-1 - Starting...
2026-03-16T14:59:42.653Z  INFO 5475 --- [           main] com.zaxxer.hikari.pool.HikariPool        : HikariPool-1 - Added connection conn0: url=jdbc:h2:mem:testdb user=SA
2026-03-16T14:59:42.655Z  INFO 5475 --- [           main] com.zaxxer.hikari.HikariDataSource       : HikariPool-1 - Start completed.
2026-03-16T14:59:42.673Z  WARN 5475 --- [           main] org.hibernate.orm.deprecation            : HHH90000025: H2Dialect does not need to be specified explicitly using 'hibernate.dialect' (remove the property setting and it will be selected by default)
2026-03-16T14:59:43.316Z  INFO 5475 --- [           main] o.h.e.t.j.p.i.JtaPlatformInitiator       : HHH000489: No JTA platform available (set 'hibernate.transaction.jta.platform' to enable JTA platform integration)
2026-03-16T14:59:43.344Z  INFO 5475 --- [           main] j.LocalContainerEntityManagerFactoryBean : Initialized JPA EntityManagerFactory for persistence unit 'default'
2026-03-16T14:59:43.735Z  WARN 5475 --- [           main] JpaBaseConfiguration$JpaWebConfiguration : spring.jpa.open-in-view is enabled by default. Therefore, database queries may be performed during view rendering. Explicitly configure spring.jpa.open-in-view to disable this warning
2026-03-16T14:59:44.026Z  INFO 5475 --- [           main] o.s.s.web.DefaultSecurityFilterChain     : Will secure any request with [org.springframework.security.web.session.DisableEncodeUrlFilter@55a07f97, org.springframework.security.web.context.request.async.WebAsyncManagerIntegrationFilter@33986be7, org.springframework.security.web.context.SecurityContextHolderFilter@248ba4fc, org.springframework.security.web.header.HeaderWriterFilter@744199bb, org.springframework.web.filter.CorsFilter@748fa354, org.springframework.security.web.authentication.logout.LogoutFilter@19d3f4fb, com.example.auth.security.JwtAuthFilter@49741e80, org.springframework.security.web.savedrequest.RequestCacheAwareFilter@755033c5, org.springframework.security.web.servletapi.SecurityContextHolderAwareRequestFilter@229c4d34, org.springframework.security.web.authentication.AnonymousAuthenticationFilter@78e59b04, org.springframework.security.web.session.SessionManagementFilter@4c678a1f, org.springframework.security.web.access.ExceptionTranslationFilter@49482761, org.springframework.security.web.access.intercept.AuthorizationFilter@31daf094]
2026-03-16T14:59:44.336Z  INFO 5475 --- [           main] o.s.b.t.m.w.SpringBootMockServletContext : Initializing Spring TestDispatcherServlet ''
2026-03-16T14:59:44.337Z  INFO 5475 --- [           main] o.s.t.web.servlet.TestDispatcherServlet  : Initializing Servlet ''
2026-03-16T14:59:44.338Z  INFO 5475 --- [           main] o.s.t.web.servlet.TestDispatcherServlet  : Completed initialization in 1 ms
2026-03-16T14:59:44.362Z  INFO 5475 --- [           main] com.example.auth.AuthControllerTest      : Started AuthControllerTest in 3.615 seconds (process running for 4.523)
]]></system-out>
  </testcase>
  <testcase name="login_nonExistentUser_shouldReturn401" classname="com.example.auth.AuthControllerTest" time="0.189"/>
  <testcase name="protectedEndpoint_withoutToken_shouldReturn403" classname="com.example.auth.AuthControllerTest" time="0.009"/>
  <testcase name="login_wrongPassword_shouldReturn401" classname="com.example.auth.AuthControllerTest" time="0.169"/>
  <testcase name="signup_invalidEmail_shouldReturnBadRequest" classname="com.example.auth.AuthControllerTest" time="0.018">
    <system-out><![CDATA[2026-03-16T14:59:45.709Z  WARN 5475 --- [           main] .w.s.m.s.DefaultHandlerExceptionResolver : Resolved [org.springframework.web.bind.MethodArgumentNotValidException: Validation failed for argument [0] in public org.springframework.http.ResponseEntity<?> com.example.auth.controller.AuthController.signup(com.example.auth.dto.SignupRequest): [Field error in object 'signupRequest' on field 'email': rejected value [not-an-email]; codes [Email.signupRequest.email,Email.email,Email.java.lang.String,Email]; arguments [org.springframework.context.support.DefaultMessageSourceResolvable: codes [signupRequest.email,email]; arguments []; default message [email],[Ljakarta.validation.constraints.Pattern$Flag;@7e93e396,.*]; default message [Email must be valid]] ]
]]></system-out>
  </testcase>
  <testcase name="signup_shouldReturnSuccessMessage" classname="com.example.auth.AuthControllerTest" time="0.088"/>
  <testcase name="login_afterSignup_shouldReturnJwtToken" classname="com.example.auth.AuthControllerTest" time="0.192"/>
</testsuite>